2575 : 2024-02-08 04:52:42,225 : INFO : telemetry.main : Attempt start. Configuration directory [/root/.azure].
2575 : 2024-02-08 04:52:42,225 : DEBUG : telemetry.note : acquiring lock
2575 : 2024-02-08 04:52:42,225 : DEBUG : telemetry.note : acquired lock
2575 : 2024-02-08 04:52:42,225 : INFO : telemetry.note : Update the note mtime to 2024-02-08 04:52:42.225652
2575 : 2024-02-08 04:52:42,225 : WARNING : telemetry.note : Fail to parse or read the timestamp 'N/A' in the note file. Set the last send time to minimal. Reason: not readable
2575 : 2024-02-08 04:52:42,226 : INFO : telemetry.records : 1 cache files to move.
2575 : 2024-02-08 04:52:42,226 : INFO : telemetry.records : Create temp folder /tmp/tmpygk8twns
2575 : 2024-02-08 04:52:42,226 : INFO : telemetry.records : Move file /root/.azure/telemetry/cache to /tmp/tmpygk8twns/cache
2575 : 2024-02-08 04:52:42,227 : INFO : telemetry.records : Processed file /tmp/tmpygk8twns/cache into 1 records.
2575 : 2024-02-08 04:52:42,228 : INFO : telemetry.records : Remove directory /tmp/tmpygk8twns
2575 : 2024-02-08 04:52:42,228 : INFO : telemetry.client : Accumulated 1 events. Flush the clients.
2575 : 2024-02-08 04:52:42,228 : INFO : telemetry.client : Flush client c4395b75-49cc-422c-bc95-c7d51aef5d46.
2575 : 2024-02-08 04:52:42,525 : INFO : telemetry.sender : Sending 3791 bytes
2575 : 2024-02-08 04:52:42,525 : INFO : telemetry.sender : Finish uploading in 0.296550 seconds.
2575 : 2024-02-08 04:52:42,525 : INFO : telemetry.note : Update the last send in note to 2024-02-08 04:52:42
2575 : 2024-02-08 04:52:42,525 : INFO : telemetry.note : Update the note mtime to 2024-02-08 04:52:42.525756
2584 : 2024-02-08 04:54:31,941 : INFO : telemetry.main : Attempt start. Configuration directory [/root/.azure].
2584 : 2024-02-08 04:54:31,941 : DEBUG : telemetry.note : acquiring lock
2584 : 2024-02-08 04:54:31,941 : DEBUG : telemetry.note : acquired lock
2584 : 2024-02-08 04:54:31,941 : INFO : telemetry.note : Update the note mtime to 2024-02-08 04:54:31.941733
2584 : 2024-02-08 04:54:31,943 : INFO : telemetry.note : Read timestamp from the note. The last send was 2024-02-08 04:52:42.
2584 : 2024-02-08 04:54:31,943 : INFO : telemetry.records : 1 cache files to move.
2584 : 2024-02-08 04:54:31,943 : INFO : telemetry.records : Create temp folder /tmp/tmpnfc5eru5
2584 : 2024-02-08 04:54:31,943 : INFO : telemetry.records : Move file /root/.azure/telemetry/cache to /tmp/tmpnfc5eru5/cache
2584 : 2024-02-08 04:54:31,944 : INFO : telemetry.records : Processed file /tmp/tmpnfc5eru5/cache into 1 records.
2584 : 2024-02-08 04:54:31,944 : INFO : telemetry.records : Remove directory /tmp/tmpnfc5eru5
2584 : 2024-02-08 04:54:31,944 : INFO : telemetry.client : Accumulated 1 events. Flush the clients.
2584 : 2024-02-08 04:54:31,944 : INFO : telemetry.client : Flush client c4395b75-49cc-422c-bc95-c7d51aef5d46.
2584 : 2024-02-08 04:54:32,246 : INFO : telemetry.sender : Sending 3815 bytes
2584 : 2024-02-08 04:54:32,246 : INFO : telemetry.sender : Finish uploading in 0.301206 seconds.
2584 : 2024-02-08 04:54:32,246 : INFO : telemetry.note : Update the last send in note to 2024-02-08 04:54:31
2584 : 2024-02-08 04:54:32,246 : INFO : telemetry.note : Update the note mtime to 2024-02-08 04:54:32.246495
2601 : 2024-02-08 04:54:57,022 : INFO : telemetry.main : Attempt start. Configuration directory [/root/.azure].
2601 : 2024-02-08 04:54:57,022 : DEBUG : telemetry.note : acquiring lock
2601 : 2024-02-08 04:54:57,022 : DEBUG : telemetry.note : acquired lock
2601 : 2024-02-08 04:54:57,022 : INFO : telemetry.note : Update the note mtime to 2024-02-08 04:54:57.022890
2601 : 2024-02-08 04:54:57,024 : INFO : telemetry.note : Read timestamp from the note. The last send was 2024-02-08 04:54:31.
2601 : 2024-02-08 04:54:57,024 : INFO : telemetry.records : 1 cache files to move.
2601 : 2024-02-08 04:54:57,024 : INFO : telemetry.records : Create temp folder /tmp/tmp8t5hyj37
2601 : 2024-02-08 04:54:57,025 : INFO : telemetry.records : Move file /root/.azure/telemetry/cache to /tmp/tmp8t5hyj37/cache
2601 : 2024-02-08 04:54:57,025 : INFO : telemetry.records : Processed file /tmp/tmp8t5hyj37/cache into 1 records.
2601 : 2024-02-08 04:54:57,025 : INFO : telemetry.records : Remove directory /tmp/tmp8t5hyj37
2601 : 2024-02-08 04:54:57,025 : INFO : telemetry.client : Accumulated 1 events. Flush the clients.
2601 : 2024-02-08 04:54:57,025 : INFO : telemetry.client : Flush client c4395b75-49cc-422c-bc95-c7d51aef5d46.
2601 : 2024-02-08 04:54:57,057 : INFO : telemetry.sender : Sending 3861 bytes
2601 : 2024-02-08 04:54:57,057 : INFO : telemetry.sender : Finish uploading in 0.031387 seconds.
2601 : 2024-02-08 04:54:57,057 : INFO : telemetry.note : Update the last send in note to 2024-02-08 04:54:56
2601 : 2024-02-08 04:54:57,058 : INFO : telemetry.note : Update the note mtime to 2024-02-08 04:54:57.058034
